<?xml version="1.0" encoding="UTF-8"?>
<!-- Generated by org.testng.reporters.JUnitReportReporter -->
<testsuite hostname="DESKTOP-VUV1GPB" failures="0" tests="1" name="testCases.TC001_AccountRegistrationTest" time="3.571" errors="0" timestamp="2025-04-04T00:11:53 IST" skipped="0">
  <testcase classname="testCases.TC001_AccountRegistrationTest" name="verify_acc_req" time="3.571"/>
</testsuite> <!-- testCases.TC001_AccountRegistrationTest -->
